<?xml version="1.0" encoding="UTF-8"?>
<testng-results ignored="0" total="1" passed="1" failed="0" skipped="0">
  <reporter-output>
  </reporter-output>
  <suite started-at="2022-06-10T16:43:25 EET" name="Default suite" finished-at="2022-06-10T16:43:28 EET" duration-ms="3029">
    <groups>
    </groups>
    <test started-at="2022-06-10T16:43:25 EET" name="Default test" finished-at="2022-06-10T16:43:28 EET" duration-ms="3029">
      <class name="tests.SearchTest">
        <test-method is-config="true" signature="startDriver(java.lang.String)[pri:0, instance:tests.SearchTest@2b48a640]" started-at="2022-06-10T16:43:20 EET" name="startDriver" finished-at="2022-06-10T16:43:25 EET" duration-ms="4508" status="PASS">
          <params>
            <param index="0">
              <value>
                <![CDATA[chrome]]>
              </value>
            </param>
          </params>
          <reporter-output>
          </reporter-output>
        </test-method> <!-- startDriver -->
        <test-method signature="UserCanRegisterSuccssfully()[pri:1, instance:tests.SearchTest@2b48a640]" started-at="2022-06-10T16:43:25 EET" name="UserCanRegisterSuccssfully" finished-at="2022-06-10T16:43:28 EET" duration-ms="3011" status="PASS">
          <reporter-output>
          </reporter-output>
        </test-method> <!-- UserCanRegisterSuccssfully -->
        <test-method is-config="true" signature="screenshotOnFailure(org.testng.ITestResult)[pri:0, instance:tests.SearchTest@2b48a640]" started-at="2022-06-10T16:43:28 EET" name="screenshotOnFailure" finished-at="2022-06-10T16:43:28 EET" duration-ms="1" status="PASS">
          <params>
            <param index="0">
              <value>
                <![CDATA[[TestResult name=UserCanRegisterSuccssfully status=SUCCESS method=SearchTest.UserCanRegisterSuccssfully()[pri:1, instance:tests.SearchTest@2b48a640] output={null}]]]>
              </value>
            </param>
          </params>
          <reporter-output>
          </reporter-output>
        </test-method> <!-- screenshotOnFailure -->
        <test-method is-config="true" signature="stopDriver()[pri:0, instance:tests.SearchTest@2b48a640]" started-at="2022-06-10T16:43:28 EET" name="stopDriver" finished-at="2022-06-10T16:43:28 EET" duration-ms="140" status="PASS">
          <reporter-output>
          </reporter-output>
        </test-method> <!-- stopDriver -->
      </class> <!-- tests.SearchTest -->
    </test> <!-- Default test -->
  </suite> <!-- Default suite -->
</testng-results>
